# JRE version: Java(TM) SE Runtime Environment (8.0_65-b17) (build 1.8.0_65-b17)
# Java VM: Java HotSpot(TM) 64-Bit Server VM (25.65-b01 mixed mode linux-amd64 compressed oops)
Heap:
 PSYoungGen      total 18432K, used 8317K [0x00000000ebe00000, 0x00000000ed280000, 0x0000000100000000)
  eden space 15872K, 52% used [0x00000000ebe00000,0x00000000ec61f598,0x00000000ecd80000)
  from space 2560K, 0% used [0x00000000ed000000,0x00000000ed000000,0x00000000ed280000)
  to   space 2560K, 0% used [0x00000000ecd80000,0x00000000ecd80000,0x00000000ed000000)
 ParOldGen       total 42496K, used 4127K [0x00000000c3a00000, 0x00000000c6380000, 0x00000000ebe00000)
  object space 42496K, 9% used [0x00000000c3a00000,0x00000000c3e07f40,0x00000000c6380000)
 Metaspace       used 16191K, capacity 16374K, committed 16768K, reserved 1064960K
  class space    used 1759K, capacity 1829K, committed 1920K, reserved 1048576K
GC Heap History (10 events):
Event: 943,356 GC heap before
{Heap before GC invocations=31 (full 15):
 PSYoungGen      total 18432K, used 128K [0x00000000ebe00000, 0x00000000ed280000, 0x0000000100000000)
  eden space 15872K, 0% used [0x00000000ebe00000,0x00000000ebe00000,0x00000000ecd80000)
  from space 2560K, 5% used [0x00000000ed000000,0x00000000ed020000,0x00000000ed280000)
  to   space 2560K, 0% used [0x00000000ecd80000,0x00000000ecd80000,0x00000000ed000000)
 ParOldGen       total 42496K, used 4051K [0x00000000c3a00000, 0x00000000c6380000, 0x00000000ebe00000)
  object space 42496K, 9% used [0x00000000c3a00000,0x00000000c3df4d70,0x00000000c6380000)
 Metaspace       used 15988K, capacity 16162K, committed 16512K, reserved 1064960K
  class space    used 1752K, capacity 1803K, committed 1920K, reserved 1048576K
Event: 943,381 GC heap after
Heap after GC invocations=31 (full 15):
 PSYoungGen      total 18432K, used 0K [0x00000000ebe00000, 0x00000000ed280000, 0x0000000100000000)
  eden space 15872K, 0% used [0x00000000ebe00000,0x00000000ebe00000,0x00000000ecd80000)
  from space 2560K, 0% used [0x00000000ed000000,0x00000000ed000000,0x00000000ed280000)
  to   space 2560K, 0% used [0x00000000ecd80000,0x00000000ecd80000,0x00000000ed000000)
 ParOldGen       total 42496K, used 4051K [0x00000000c3a00000, 0x00000000c6380000, 0x00000000ebe00000)
  object space 42496K, 9% used [0x00000000c3a00000,0x00000000c3df4f90,0x00000000c6380000)
 Metaspace       used 15988K, capacity 16162K, committed 16512K, reserved 1064960K
  class space    used 1752K, capacity 1803K, committed 1920K, reserved 1048576K
}
Event: 970,186 GC heap before
{Heap before GC invocations=32 (full 15):
 PSYoungGen      total 18432K, used 1606K [0x00000000ebe00000, 0x00000000ed280000, 0x0000000100000000)
  eden space 15872K, 10% used [0x00000000ebe00000,0x00000000ebf91a40,0x00000000ecd80000)
  from space 2560K, 0% used [0x00000000ed000000,0x00000000ed000000,0x00000000ed280000)
  to   space 2560K, 0% used [0x00000000ecd80000,0x00000000ecd80000,0x00000000ed000000)
 ParOldGen       total 42496K, used 4051K [0x00000000c3a00000, 0x00000000c6380000, 0x00000000ebe00000)
  object space 42496K, 9% used [0x00000000c3a00000,0x00000000c3df4f90,0x00000000c6380000)
 Metaspace       used 15988K, capacity 16162K, committed 16512K, reserved 1064960K
  class space    used 1752K, capacity 1803K, committed 1920K, reserved 1048576K
Event: 970,189 GC heap after
Heap after GC invocations=32 (full 15):
 PSYoungGen      total 18432K, used 64K [0x00000000ebe00000, 0x00000000ed280000, 0x0000000100000000)
  eden space 15872K, 0% used [0x00000000ebe00000,0x00000000ebe00000,0x00000000ecd80000)
  from space 2560K, 2% used [0x00000000ecd80000,0x00000000ecd90000,0x00000000ed000000)
  to   space 2560K, 0% used [0x00000000ed000000,0x00000000ed000000,0x00000000ed280000)
 ParOldGen       total 42496K, used 4051K [0x00000000c3a00000, 0x00000000c6380000, 0x00000000ebe00000)
  object space 42496K, 9% used [0x00000000c3a00000,0x00000000c3df4f90,0x00000000c6380000)
 Metaspace       used 15988K, capacity 16162K, committed 16512K, reserved 1064960K
  class space    used 1752K, capacity 1803K, committed 1920K, reserved 1048576K
}
Event: 970,189 GC heap before
{Heap before GC invocations=33 (full 16):
 PSYoungGen      total 18432K, used 64K [0x00000000ebe00000, 0x00000000ed280000, 0x0000000100000000)
  eden space 15872K, 0% used [0x00000000ebe00000,0x00000000ebe00000,0x00000000ecd80000)
  from space 2560K, 2% used [0x00000000ecd80000,0x00000000ecd90000,0x00000000ed000000)
  to   space 2560K, 0% used [0x00000000ed000000,0x00000000ed000000,0x00000000ed280000)
 ParOldGen       total 42496K, used 4051K [0x00000000c3a00000, 0x00000000c6380000, 0x00000000ebe00000)
  object space 42496K, 9% used [0x00000000c3a00000,0x00000000c3df4f90,0x00000000c6380000)
 Metaspace       used 15988K, capacity 16162K, committed 16512K, reserved 1064960K
  class space    used 1752K, capacity 1803K, committed 1920K, reserved 1048576K
Event: 970,238 GC heap after
Heap after GC invocations=33 (full 16):
 PSYoungGen      total 18432K, used 0K [0x00000000ebe00000, 0x00000000ed280000, 0x0000000100000000)
  eden space 15872K, 0% used [0x00000000ebe00000,0x00000000ebe00000,0x00000000ecd80000)
  from space 2560K, 0% used [0x00000000ecd80000,0x00000000ecd80000,0x00000000ed000000)
  to   space 2560K, 0% used [0x00000000ed000000,0x00000000ed000000,0x00000000ed280000)
 ParOldGen       total 42496K, used 3897K [0x00000000c3a00000, 0x00000000c6380000, 0x00000000ebe00000)
  object space 42496K, 9% used [0x00000000c3a00000,0x00000000c3dce440,0x00000000c6380000)
 Metaspace       used 15981K, capacity 16150K, committed 16512K, reserved 1064960K
  class space    used 1749K, capacity 1797K, committed 1920K, reserved 1048576K
}
Event: 1054,213 GC heap before
{Heap before GC invocations=34 (full 16):
 PSYoungGen      total 18432K, used 5055K [0x00000000ebe00000, 0x00000000ed280000, 0x0000000100000000)
  eden space 15872K, 31% used [0x00000000ebe00000,0x00000000ec2effd8,0x00000000ecd80000)
  from space 2560K, 0% used [0x00000000ecd80000,0x00000000ecd80000,0x00000000ed000000)
  to   space 2560K, 0% used [0x00000000ed000000,0x00000000ed000000,0x00000000ed280000)
 ParOldGen       total 42496K, used 3897K [0x00000000c3a00000, 0x00000000c6380000, 0x00000000ebe00000)
  object space 42496K, 9% used [0x00000000c3a00000,0x00000000c3dce440,0x00000000c6380000)
 Metaspace       used 16100K, capacity 16246K, committed 16512K, reserved 1064960K
  class space    used 1758K, capacity 1829K, committed 1920K, reserved 1048576K
Event: 1054,216 GC heap after
Heap after GC invocations=34 (full 16):
 PSYoungGen      total 18432K, used 320K [0x00000000ebe00000, 0x00000000ed280000, 0x0000000100000000)
  eden space 15872K, 0% used [0x00000000ebe00000,0x00000000ebe00000,0x00000000ecd80000)
  from space 2560K, 12% used [0x00000000ed000000,0x00000000ed050000,0x00000000ed280000)
  to   space 2560K, 0% used [0x00000000ecd80000,0x00000000ecd80000,0x00000000ed000000)
 ParOldGen       total 42496K, used 3905K [0x00000000c3a00000, 0x00000000c6380000, 0x00000000ebe00000)
  object space 42496K, 9% used [0x00000000c3a00000,0x00000000c3dd0440,0x00000000c6380000)
 Metaspace       used 16100K, capacity 16246K, committed 16512K, reserved 1064960K
  class space    used 1758K, capacity 1829K, committed 1920K, reserved 1048576K
}
Event: 1054,216 GC heap before
{Heap before GC invocations=35 (full 17):
 PSYoungGen      total 18432K, used 320K [0x00000000ebe00000, 0x00000000ed280000, 0x0000000100000000)
  eden space 15872K, 0% used [0x00000000ebe00000,0x00000000ebe00000,0x00000000ecd80000)
  from space 2560K, 12% used [0x00000000ed000000,0x00000000ed050000,0x00000000ed280000)
  to   space 2560K, 0% used [0x00000000ecd80000,0x00000000ecd80000,0x00000000ed000000)
 ParOldGen       total 42496K, used 3905K [0x00000000c3a00000, 0x00000000c6380000, 0x00000000ebe00000)
  object space 42496K, 9% used [0x00000000c3a00000,0x00000000c3dd0440,0x00000000c6380000)
 Metaspace       used 16100K, capacity 16246K, committed 16512K, reserved 1064960K
  class space    used 1758K, capacity 1829K, committed 1920K, reserved 1048576K
Event: 1054,249 GC heap after
Heap after GC invocations=35 (full 17):
 PSYoungGen      total 18432K, used 0K [0x00000000ebe00000, 0x00000000ed280000, 0x0000000100000000)
  eden space 15872K, 0% used [0x00000000ebe00000,0x00000000ebe00000,0x00000000ecd80000)
  from space 2560K, 0% used [0x00000000ed000000,0x00000000ed000000,0x00000000ed280000)
  to   space 2560K, 0% used [0x00000000ecd80000,0x00000000ecd80000,0x00000000ed000000)
 ParOldGen       total 42496K, used 4127K [0x00000000c3a00000, 0x00000000c6380000, 0x00000000ebe00000)
  object space 42496K, 9% used [0x00000000c3a00000,0x00000000c3e07f40,0x00000000c6380000)
 Metaspace       used 16100K, capacity 16246K, committed 16512K, reserved 1064960K
  class space    used 1758K, capacity 1829K, committed 1920K, reserved 1048576K
}

